Flow report for Projeto2Aritim
Tue Sep 02 18:46:36 2025
Quartus Prime Version 18.1.0 Build 625 09/12/2018 SJ Lite Edition


---------------------
; Table of Contents ;
---------------------
  1. Legal Notice
  2. Flow Summary
  3. Flow Settings
  4. Flow Non-Default Global Settings
  5. Flow Elapsed Time
  6. Flow OS Summary
  7. Flow Log
  8. Flow Messages
  9. Flow Suppressed Messages



----------------
; Legal Notice ;
----------------
Copyright (C) 2018  Intel Corporation. All rights reserved.
Your use of Intel Corporation's design tools, logic functions 
and other software and tools, and its AMPP partner logic 
functions, and any output files from any of the foregoing 
(including device programming or simulation files), and any 
associated documentation or information are expressly subject 
to the terms and conditions of the Intel Program License 
Subscription Agreement, the Intel Quartus Prime License Agreement,
the Intel FPGA IP License Agreement, or other applicable license
agreement, including, without limitation, that your use is for
the sole purpose of programming logic devices manufactured by
Intel and sold by Intel or its authorized distributors.  Please
refer to the applicable agreement for further details.



+----------------------------------------------------------------------------------+
; Flow Summary                                                                     ;
+------------------------------------+---------------------------------------------+
; Flow Status                        ; Successful - Tue Sep 02 18:46:31 2025       ;
; Quartus Prime Version              ; 18.1.0 Build 625 09/12/2018 SJ Lite Edition ;
; Revision Name                      ; Projeto2Aritim                              ;
; Top-level Entity Name              ; Projeto2Aritim                              ;
; Family                             ; MAX 10                                      ;
; Device                             ; 10M50DAF484C7G                              ;
; Timing Models                      ; Final                                       ;
; Total logic elements               ; 1,211 / 49,760 ( 2 % )                      ;
;     Total combinational functions  ; 1,211 / 49,760 ( 2 % )                      ;
;     Dedicated logic registers      ; 56 / 49,760 ( < 1 % )                       ;
; Total registers                    ; 56                                          ;
; Total pins                         ; 34 / 360 ( 9 % )                            ;
; Total virtual pins                 ; 0                                           ;
; Total memory bits                  ; 4,096 / 1,677,312 ( < 1 % )                 ;
; Embedded Multiplier 9-bit elements ; 2 / 288 ( < 1 % )                           ;
; Total PLLs                         ; 0 / 4 ( 0 % )                               ;
; UFM blocks                         ; 0 / 1 ( 0 % )                               ;
; ADC blocks                         ; 0 / 2 ( 0 % )                               ;
+------------------------------------+---------------------------------------------+


+-----------------------------------------+
; Flow Settings                           ;
+-------------------+---------------------+
; Option            ; Setting             ;
+-------------------+---------------------+
; Start date & time ; 09/02/2025 18:45:44 ;
; Main task         ; Compilation         ;
; Revision Name     ; Projeto2Aritim      ;
+-------------------+---------------------+


+-------------------------------------------------------------------------------------------------------------------------+
; Flow Non-Default Global Settings                                                                                        ;
+-------------------------------------+----------------------------------------+---------------+-------------+------------+
; Assignment Name                     ; Value                                  ; Default Value ; Entity Name ; Section Id ;
+-------------------------------------+----------------------------------------+---------------+-------------+------------+
; COMPILER_SIGNATURE_ID               ; 119384625550864.175684954414200        ; --            ; --          ; --         ;
; MAX_CORE_JUNCTION_TEMP              ; 85                                     ; --            ; --          ; --         ;
; MIN_CORE_JUNCTION_TEMP              ; 0                                      ; --            ; --          ; --         ;
; MISC_FILE                           ; MULT2.bsf                              ; --            ; --          ; --         ;
; MISC_FILE                           ; MULT2_inst.vhd                         ; --            ; --          ; --         ;
; MISC_FILE                           ; MULT2.inc                              ; --            ; --          ; --         ;
; MISC_FILE                           ; MULT2.cmp                              ; --            ; --          ; --         ;
; MISC_FILE                           ; ADDER.bsf                              ; --            ; --          ; --         ;
; MISC_FILE                           ; ADDER_inst.vhd                         ; --            ; --          ; --         ;
; MISC_FILE                           ; ADDER.inc                              ; --            ; --          ; --         ;
; MISC_FILE                           ; ADDER.cmp                              ; --            ; --          ; --         ;
; MISC_FILE                           ; ADDER2port.bsf                         ; --            ; --          ; --         ;
; MISC_FILE                           ; ADDER2port_inst.vhd                    ; --            ; --          ; --         ;
; MISC_FILE                           ; ADDER2port.inc                         ; --            ; --          ; --         ;
; MISC_FILE                           ; ADDER2port.cmp                         ; --            ; --          ; --         ;
; MISC_FILE                           ; Counter16.bsf                          ; --            ; --          ; --         ;
; MISC_FILE                           ; Counter16_inst.vhd                     ; --            ; --          ; --         ;
; MISC_FILE                           ; Counter16.inc                          ; --            ; --          ; --         ;
; MISC_FILE                           ; Counter16.cmp                          ; --            ; --          ; --         ;
; MISC_FILE                           ; Div16.bsf                              ; --            ; --          ; --         ;
; MISC_FILE                           ; Div16_inst.v                           ; --            ; --          ; --         ;
; MISC_FILE                           ; Div16_bb.v                             ; --            ; --          ; --         ;
; MISC_FILE                           ; Div16.inc                              ; --            ; --          ; --         ;
; MISC_FILE                           ; Div16.cmp                              ; --            ; --          ; --         ;
; MISC_FILE                           ; SQRT32.bsf                             ; --            ; --          ; --         ;
; MISC_FILE                           ; SQRT32_inst.vhd                        ; --            ; --          ; --         ;
; MISC_FILE                           ; SQRT32.inc                             ; --            ; --          ; --         ;
; MISC_FILE                           ; SQRT32.cmp                             ; --            ; --          ; --         ;
; MISC_FILE                           ; CounterwAclr.bsf                       ; --            ; --          ; --         ;
; MISC_FILE                           ; CounterwAclr_inst.vhd                  ; --            ; --          ; --         ;
; MISC_FILE                           ; CounterwAclr.inc                       ; --            ; --          ; --         ;
; MISC_FILE                           ; CounterwAclr.cmp                       ; --            ; --          ; --         ;
; MISC_FILE                           ; Mem256sword16bits.bsf                  ; --            ; --          ; --         ;
; MISC_FILE                           ; Mem256sword16bits_inst.vhd             ; --            ; --          ; --         ;
; MISC_FILE                           ; Mem256sword16bits.inc                  ; --            ; --          ; --         ;
; MISC_FILE                           ; Mem256sword16bits.cmp                  ; --            ; --          ; --         ;
; MISC_FILE                           ; counter8biits.bsf                      ; --            ; --          ; --         ;
; MISC_FILE                           ; counter8biits.cmp                      ; --            ; --          ; --         ;
; OUTPUT_IO_TIMING_FAR_END_VMEAS      ; Half Signal Swing                      ; --            ; --          ; --         ;
; OUTPUT_IO_TIMING_FAR_END_VMEAS      ; Half Signal Swing                      ; --            ; --          ; --         ;
; OUTPUT_IO_TIMING_NEAR_END_VMEAS     ; Half Vccio                             ; --            ; --          ; --         ;
; OUTPUT_IO_TIMING_NEAR_END_VMEAS     ; Half Vccio                             ; --            ; --          ; --         ;
; PARTITION_COLOR                     ; -- (Not supported for targeted family) ; --            ; --          ; Top        ;
; PARTITION_FITTER_PRESERVATION_LEVEL ; -- (Not supported for targeted family) ; --            ; --          ; Top        ;
; PARTITION_NETLIST_TYPE              ; -- (Not supported for targeted family) ; --            ; --          ; Top        ;
; PROJECT_OUTPUT_DIRECTORY            ; output_files                           ; --            ; --          ; --         ;
+-------------------------------------+----------------------------------------+---------------+-------------+------------+


+--------------------------------------------------------------------------------------------------------------------------+
; Flow Elapsed Time                                                                                                        ;
+----------------------+--------------+-------------------------+---------------------+------------------------------------+
; Module Name          ; Elapsed Time ; Average Processors Used ; Peak Virtual Memory ; Total CPU Time (on all processors) ;
+----------------------+--------------+-------------------------+---------------------+------------------------------------+
; Analysis & Synthesis ; 00:00:24     ; 1.0                     ; 4848 MB             ; 00:00:34                           ;
; Fitter               ; 00:00:18     ; 1.1                     ; 5375 MB             ; 00:00:21                           ;
; Assembler            ; 00:00:03     ; 1.0                     ; 4686 MB             ; 00:00:03                           ;
; Timing Analyzer      ; 00:00:04     ; 1.2                     ; 4798 MB             ; 00:00:04                           ;
; Total                ; 00:00:49     ; --                      ; --                  ; 00:01:02                           ;
+----------------------+--------------+-------------------------+---------------------+------------------------------------+


+------------------------------------------------------------------------------------+
; Flow OS Summary                                                                    ;
+----------------------+------------------+------------+------------+----------------+
; Module Name          ; Machine Hostname ; OS Name    ; OS Version ; Processor type ;
+----------------------+------------------+------------+------------+----------------+
; Analysis & Synthesis ; DESKTOP-KOH35PP  ; Windows 10 ; 10.0       ; x86_64         ;
; Fitter               ; DESKTOP-KOH35PP  ; Windows 10 ; 10.0       ; x86_64         ;
; Assembler            ; DESKTOP-KOH35PP  ; Windows 10 ; 10.0       ; x86_64         ;
; Timing Analyzer      ; DESKTOP-KOH35PP  ; Windows 10 ; 10.0       ; x86_64         ;
+----------------------+------------------+------------+------------+----------------+


------------
; Flow Log ;
------------
quartus_map --read_settings_files=on --write_settings_files=off Projeto2Aritim -c Projeto2Aritim
quartus_fit --read_settings_files=off --write_settings_files=off Projeto2Aritim -c Projeto2Aritim
quartus_asm --read_settings_files=off --write_settings_files=off Projeto2Aritim -c Projeto2Aritim
quartus_sta Projeto2Aritim -c Projeto2Aritim



