Analysis & Synthesis report for Projeto1
Tue Sep 16 19:09:15 2025
Quartus Prime Version 18.1.0 Build 625 09/12/2018 SJ Lite Edition


---------------------
; Table of Contents ;
---------------------
  1. Legal Notice
  2. Analysis & Synthesis Summary
  3. Analysis & Synthesis Settings
  4. Parallel Compilation
  5. Analysis & Synthesis Source Files Read
  6. Analysis & Synthesis Resource Usage Summary
  7. Analysis & Synthesis Resource Utilization by Entity
  8. Analysis & Synthesis RAM Summary
  9. Analysis & Synthesis IP Cores Summary
 10. State Machine - |Projeto1|FSM_LineFollower_2:inst12|fstate
 11. General Register Statistics
 12. Source assignments for ROM16:inst11|altsyncram:altsyncram_component|altsyncram_mkr3:auto_generated
 13. Source assignments for ROM16:inst1|altsyncram:altsyncram_component|altsyncram_mkr3:auto_generated
 14. Parameter Settings for User Entity Instance: ROM16:inst11|altsyncram:altsyncram_component
 15. Parameter Settings for User Entity Instance: counter25pins:inst3|lpm_counter:LPM_COUNTER_component
 16. Parameter Settings for User Entity Instance: Divide104bits:inst16|lpm_divide:LPM_DIVIDE_component
 17. Parameter Settings for User Entity Instance: Const10:inst17|lpm_constant:LPM_CONSTANT_component
 18. Parameter Settings for User Entity Instance: Counter10s:inst|lpm_counter:LPM_COUNTER_component
 19. Parameter Settings for User Entity Instance: ROM16:inst1|altsyncram:altsyncram_component
 20. altsyncram Parameter Settings by Entity Instance
 21. Post-Synthesis Netlist Statistics for Top Partition
 22. Elapsed Time Per Partition
 23. Analysis & Synthesis Messages



----------------
; Legal Notice ;
----------------
Copyright (C) 2018  Intel Corporation. All rights reserved.
Your use of Intel Corporation's design tools, logic functions 
and other software and tools, and its AMPP partner logic 
functions, and any output files from any of the foregoing 
(including device programming or simulation files), and any 
associated documentation or information are expressly subject 
to the terms and conditions of the Intel Program License 
Subscription Agreement, the Intel Quartus Prime License Agreement,
the Intel FPGA IP License Agreement, or other applicable license
agreement, including, without limitation, that your use is for
the sole purpose of programming logic devices manufactured by
Intel and sold by Intel or its authorized distributors.  Please
refer to the applicable agreement for further details.



+----------------------------------------------------------------------------------+
; Analysis & Synthesis Summary                                                     ;
+------------------------------------+---------------------------------------------+
; Analysis & Synthesis Status        ; Successful - Tue Sep 16 19:09:15 2025       ;
; Quartus Prime Version              ; 18.1.0 Build 625 09/12/2018 SJ Lite Edition ;
; Revision Name                      ; Projeto1                                    ;
; Top-level Entity Name              ; Projeto1                                    ;
; Family                             ; MAX 10                                      ;
; Total logic elements               ; 62                                          ;
;     Total combinational functions  ; 62                                          ;
;     Dedicated logic registers      ; 40                                          ;
; Total registers                    ; 40                                          ;
; Total pins                         ; 21                                          ;
; Total virtual pins                 ; 0                                           ;
; Total memory bits                  ; 64                                          ;
; Embedded Multiplier 9-bit elements ; 0                                           ;
; Total PLLs                         ; 0                                           ;
; UFM blocks                         ; 0                                           ;
; ADC blocks                         ; 0                                           ;
+------------------------------------+---------------------------------------------+


+------------------------------------------------------------------------------------------------------------+
; Analysis & Synthesis Settings                                                                              ;
+------------------------------------------------------------------+--------------------+--------------------+
; Option                                                           ; Setting            ; Default Value      ;
+------------------------------------------------------------------+--------------------+--------------------+
; Device                                                           ; 10M50DAF484C7G     ;                    ;
; Top-level entity name                                            ; Projeto1           ; Projeto1           ;
; Family name                                                      ; MAX 10             ; Cyclone V          ;
; Use smart compilation                                            ; Off                ; Off                ;
; Enable parallel Assembler and Timing Analyzer during compilation ; On                 ; On                 ;
; Enable compact report table                                      ; Off                ; Off                ;
; Restructure Multiplexers                                         ; Auto               ; Auto               ;
; Create Debugging Nodes for IP Cores                              ; Off                ; Off                ;
; Preserve fewer node names                                        ; On                 ; On                 ;
; Intel FPGA IP Evaluation Mode                                    ; Enable             ; Enable             ;
; Verilog Version                                                  ; Verilog_2001       ; Verilog_2001       ;
; VHDL Version                                                     ; VHDL_1993          ; VHDL_1993          ;
; State Machine Processing                                         ; Auto               ; Auto               ;
; Safe State Machine                                               ; Off                ; Off                ;
; Extract Verilog State Machines                                   ; On                 ; On                 ;
; Extract VHDL State Machines                                      ; On                 ; On                 ;
; Ignore Verilog initial constructs                                ; Off                ; Off                ;
; Iteration limit for constant Verilog loops                       ; 5000               ; 5000               ;
; Iteration limit for non-constant Verilog loops                   ; 250                ; 250                ;
; Add Pass-Through Logic to Inferred RAMs                          ; On                 ; On                 ;
; Infer RAMs from Raw Logic                                        ; On                 ; On                 ;
; Parallel Synthesis                                               ; On                 ; On                 ;
; DSP Block Balancing                                              ; Auto               ; Auto               ;
; NOT Gate Push-Back                                               ; On                 ; On                 ;
; Power-Up Don't Care                                              ; On                 ; On                 ;
; Remove Redundant Logic Cells                                     ; Off                ; Off                ;
; Remove Duplicate Registers                                       ; On                 ; On                 ;
; Ignore CARRY Buffers                                             ; Off                ; Off                ;
; Ignore CASCADE Buffers                                           ; Off                ; Off                ;
; Ignore GLOBAL Buffers                                            ; Off                ; Off                ;
; Ignore ROW GLOBAL Buffers                                        ; Off                ; Off                ;
; Ignore LCELL Buffers                                             ; Off                ; Off                ;
; Ignore SOFT Buffers                                              ; On                 ; On                 ;
; Limit AHDL Integers to 32 Bits                                   ; Off                ; Off                ;
; Optimization Technique                                           ; Balanced           ; Balanced           ;
; Carry Chain Length                                               ; 70                 ; 70                 ;
; Auto Carry Chains                                                ; On                 ; On                 ;
; Auto Open-Drain Pins                                             ; On                 ; On                 ;
; Perform WYSIWYG Primitive Resynthesis                            ; Off                ; Off                ;
; Auto ROM Replacement                                             ; On                 ; On                 ;
; Auto RAM Replacement                                             ; On                 ; On                 ;
; Auto DSP Block Replacement                                       ; On                 ; On                 ;
; Auto Shift Register Replacement                                  ; Auto               ; Auto               ;
; Allow Shift Register Merging across Hierarchies                  ; Auto               ; Auto               ;
; Auto Clock Enable Replacement                                    ; On                 ; On                 ;
; Strict RAM Replacement                                           ; Off                ; Off                ;
; Allow Synchronous Control Signals                                ; On                 ; On                 ;
; Force Use of Synchronous Clear Signals                           ; Off                ; Off                ;
; Auto RAM Block Balancing                                         ; On                 ; On                 ;
; Auto RAM to Logic Cell Conversion                                ; Off                ; Off                ;
; Auto Resource Sharing                                            ; Off                ; Off                ;
; Allow Any RAM Size For Recognition                               ; Off                ; Off                ;
; Allow Any ROM Size For Recognition                               ; Off                ; Off                ;
; Allow Any Shift Register Size For Recognition                    ; Off                ; Off                ;
; Use LogicLock Constraints during Resource Balancing              ; On                 ; On                 ;
; Ignore translate_off and synthesis_off directives                ; Off                ; Off                ;
; Timing-Driven Synthesis                                          ; On                 ; On                 ;
; Report Parameter Settings                                        ; On                 ; On                 ;
; Report Source Assignments                                        ; On                 ; On                 ;
; Report Connectivity Checks                                       ; On                 ; On                 ;
; Ignore Maximum Fan-Out Assignments                               ; Off                ; Off                ;
; Synchronization Register Chain Length                            ; 2                  ; 2                  ;
; Power Optimization During Synthesis                              ; Normal compilation ; Normal compilation ;
; HDL message level                                                ; Level2             ; Level2             ;
; Suppress Register Optimization Related Messages                  ; Off                ; Off                ;
; Number of Removed Registers Reported in Synthesis Report         ; 5000               ; 5000               ;
; Number of Swept Nodes Reported in Synthesis Report               ; 5000               ; 5000               ;
; Number of Inverted Registers Reported in Synthesis Report        ; 100                ; 100                ;
; Clock MUX Protection                                             ; On                 ; On                 ;
; Auto Gated Clock Conversion                                      ; Off                ; Off                ;
; Block Design Naming                                              ; Auto               ; Auto               ;
; SDC constraint protection                                        ; Off                ; Off                ;
; Synthesis Effort                                                 ; Auto               ; Auto               ;
; Shift Register Replacement - Allow Asynchronous Clear Signal     ; On                 ; On                 ;
; Pre-Mapping Resynthesis Optimization                             ; Off                ; Off                ;
; Analysis & Synthesis Message Level                               ; Medium             ; Medium             ;
; Disable Register Merging Across Hierarchies                      ; Auto               ; Auto               ;
; Resource Aware Inference For Block RAM                           ; On                 ; On                 ;
+------------------------------------------------------------------+--------------------+--------------------+


+------------------------------------------+
; Parallel Compilation                     ;
+----------------------------+-------------+
; Processors                 ; Number      ;
+----------------------------+-------------+
; Number detected on machine ; 4           ;
; Maximum allowed            ; 2           ;
;                            ;             ;
; Average used               ; 1.00        ;
; Maximum used               ; 2           ;
;                            ;             ;
; Usage by Processor         ; % Time Used ;
;     Processor 1            ; 100.0%      ;
;     Processor 2            ;   0.0%      ;
+----------------------------+-------------+


+------------------------------------------------------------------------------------------------------------------------------------------------------------------------------------------+
; Analysis & Synthesis Source Files Read                                                                                                                                                   ;
+----------------------------------+-----------------+----------------------------------------+----------------------------------------------------------------------------------+---------+
; File Name with User-Entered Path ; Used in Netlist ; File Type                              ; File Name with Absolute Path                                                     ; Library ;
+----------------------------------+-----------------+----------------------------------------+----------------------------------------------------------------------------------+---------+
; Projeto1.bdf                     ; yes             ; User Block Diagram/Schematic File      ; C:/Users/Robson Junior/Documents/LogicaReconfiguravel/Projeto1.bdf               ;         ;
; counter25pins.vhd                ; yes             ; User Wizard-Generated File             ; C:/Users/Robson Junior/Documents/LogicaReconfiguravel/counter25pins.vhd          ;         ;
; ROM16.vhd                        ; yes             ; User Wizard-Generated File             ; C:/Users/Robson Junior/Documents/LogicaReconfiguravel/ROM16.vhd                  ;         ;
; FSM_LineFollowerCopy.vhd         ; yes             ; User VHDL File                         ; C:/Users/Robson Junior/Documents/LogicaReconfiguravel/FSM_LineFollowerCopy.vhd   ;         ;
; Counter10s.vhd                   ; yes             ; User Wizard-Generated File             ; C:/Users/Robson Junior/Documents/LogicaReconfiguravel/Counter10s.vhd             ;         ;
; Divide104bits.v                  ; yes             ; User Wizard-Generated File             ; C:/Users/Robson Junior/Documents/LogicaReconfiguravel/Divide104bits.v            ;         ;
; Const10.vhd                      ; yes             ; User Wizard-Generated File             ; C:/Users/Robson Junior/Documents/LogicaReconfiguravel/Const10.vhd                ;         ;
; altsyncram.tdf                   ; yes             ; Megafunction                           ; c:/intelfpga_lite/18.1/quartus/libraries/megafunctions/altsyncram.tdf            ;         ;
; stratix_ram_block.inc            ; yes             ; Megafunction                           ; c:/intelfpga_lite/18.1/quartus/libraries/megafunctions/stratix_ram_block.inc     ;         ;
; lpm_mux.inc                      ; yes             ; Megafunction                           ; c:/intelfpga_lite/18.1/quartus/libraries/megafunctions/lpm_mux.inc               ;         ;
; lpm_decode.inc                   ; yes             ; Megafunction                           ; c:/intelfpga_lite/18.1/quartus/libraries/megafunctions/lpm_decode.inc            ;         ;
; aglobal181.inc                   ; yes             ; Megafunction                           ; c:/intelfpga_lite/18.1/quartus/libraries/megafunctions/aglobal181.inc            ;         ;
; a_rdenreg.inc                    ; yes             ; Megafunction                           ; c:/intelfpga_lite/18.1/quartus/libraries/megafunctions/a_rdenreg.inc             ;         ;
; altrom.inc                       ; yes             ; Megafunction                           ; c:/intelfpga_lite/18.1/quartus/libraries/megafunctions/altrom.inc                ;         ;
; altram.inc                       ; yes             ; Megafunction                           ; c:/intelfpga_lite/18.1/quartus/libraries/megafunctions/altram.inc                ;         ;
; altdpram.inc                     ; yes             ; Megafunction                           ; c:/intelfpga_lite/18.1/quartus/libraries/megafunctions/altdpram.inc              ;         ;
; db/altsyncram_mkr3.tdf           ; yes             ; Auto-Generated Megafunction            ; C:/Users/Robson Junior/Documents/LogicaReconfiguravel/db/altsyncram_mkr3.tdf     ;         ;
; hex7decoder.mif                  ; yes             ; Auto-Found Memory Initialization File  ; C:/Users/Robson Junior/Documents/LogicaReconfiguravel/hex7decoder.mif            ;         ;
; lpm_counter.tdf                  ; yes             ; Megafunction                           ; c:/intelfpga_lite/18.1/quartus/libraries/megafunctions/lpm_counter.tdf           ;         ;
; lpm_constant.inc                 ; yes             ; Megafunction                           ; c:/intelfpga_lite/18.1/quartus/libraries/megafunctions/lpm_constant.inc          ;         ;
; lpm_add_sub.inc                  ; yes             ; Megafunction                           ; c:/intelfpga_lite/18.1/quartus/libraries/megafunctions/lpm_add_sub.inc           ;         ;
; cmpconst.inc                     ; yes             ; Megafunction                           ; c:/intelfpga_lite/18.1/quartus/libraries/megafunctions/cmpconst.inc              ;         ;
; lpm_compare.inc                  ; yes             ; Megafunction                           ; c:/intelfpga_lite/18.1/quartus/libraries/megafunctions/lpm_compare.inc           ;         ;
; lpm_counter.inc                  ; yes             ; Megafunction                           ; c:/intelfpga_lite/18.1/quartus/libraries/megafunctions/lpm_counter.inc           ;         ;
; dffeea.inc                       ; yes             ; Megafunction                           ; c:/intelfpga_lite/18.1/quartus/libraries/megafunctions/dffeea.inc                ;         ;
; alt_counter_stratix.inc          ; yes             ; Megafunction                           ; c:/intelfpga_lite/18.1/quartus/libraries/megafunctions/alt_counter_stratix.inc   ;         ;
; db/cntr_j5h.tdf                  ; yes             ; Auto-Generated Megafunction            ; C:/Users/Robson Junior/Documents/LogicaReconfiguravel/db/cntr_j5h.tdf            ;         ;
; lpm_divide.tdf                   ; yes             ; Megafunction                           ; c:/intelfpga_lite/18.1/quartus/libraries/megafunctions/lpm_divide.tdf            ;         ;
; abs_divider.inc                  ; yes             ; Megafunction                           ; c:/intelfpga_lite/18.1/quartus/libraries/megafunctions/abs_divider.inc           ;         ;
; sign_div_unsign.inc              ; yes             ; Megafunction                           ; c:/intelfpga_lite/18.1/quartus/libraries/megafunctions/sign_div_unsign.inc       ;         ;
; db/lpm_divide_g0s.tdf            ; yes             ; Auto-Generated Megafunction            ; C:/Users/Robson Junior/Documents/LogicaReconfiguravel/db/lpm_divide_g0s.tdf      ;         ;
; db/sign_div_unsign_7kh.tdf       ; yes             ; Auto-Generated Megafunction            ; C:/Users/Robson Junior/Documents/LogicaReconfiguravel/db/sign_div_unsign_7kh.tdf ;         ;
; db/alt_u_div_oee.tdf             ; yes             ; Auto-Generated Megafunction            ; C:/Users/Robson Junior/Documents/LogicaReconfiguravel/db/alt_u_div_oee.tdf       ;         ;
; db/add_sub_t3c.tdf               ; yes             ; Auto-Generated Megafunction            ; C:/Users/Robson Junior/Documents/LogicaReconfiguravel/db/add_sub_t3c.tdf         ;         ;
; db/add_sub_u3c.tdf               ; yes             ; Auto-Generated Megafunction            ; C:/Users/Robson Junior/Documents/LogicaReconfiguravel/db/add_sub_u3c.tdf         ;         ;
; lpm_constant.tdf                 ; yes             ; Megafunction                           ; c:/intelfpga_lite/18.1/quartus/libraries/megafunctions/lpm_constant.tdf          ;         ;
; db/cntr_07i.tdf                  ; yes             ; Auto-Generated Megafunction            ; C:/Users/Robson Junior/Documents/LogicaReconfiguravel/db/cntr_07i.tdf            ;         ;
+----------------------------------+-----------------+----------------------------------------+----------------------------------------------------------------------------------+---------+


+-------------------------------------------------------------------+
; Analysis & Synthesis Resource Usage Summary                       ;
+---------------------------------------------+---------------------+
; Resource                                    ; Usage               ;
+---------------------------------------------+---------------------+
; Estimated Total logic elements              ; 62                  ;
;                                             ;                     ;
; Total combinational functions               ; 62                  ;
; Logic element usage by number of LUT inputs ;                     ;
;     -- 4 input functions                    ; 18                  ;
;     -- 3 input functions                    ; 9                   ;
;     -- <=2 input functions                  ; 35                  ;
;                                             ;                     ;
; Logic elements by mode                      ;                     ;
;     -- normal mode                          ; 35                  ;
;     -- arithmetic mode                      ; 27                  ;
;                                             ;                     ;
; Total registers                             ; 40                  ;
;     -- Dedicated logic registers            ; 40                  ;
;     -- I/O registers                        ; 0                   ;
;                                             ;                     ;
; I/O pins                                    ; 21                  ;
; Total memory bits                           ; 64                  ;
;                                             ;                     ;
; Embedded Multiplier 9-bit elements          ; 0                   ;
;                                             ;                     ;
; Maximum fan-out node                        ; MAX10_CLK1_50~input ;
; Maximum fan-out                             ; 25                  ;
; Total fan-out                               ; 342                 ;
; Average fan-out                             ; 2.14                ;
+---------------------------------------------+---------------------+


+------------------------------------------------------------------------------------------------------------------------------------------------------------------------------------------------------------------------------------------------------------------------------------------------------------------------------+
; Analysis & Synthesis Resource Utilization by Entity                                                                                                                                                                                                                                                                          ;
+-------------------------------------------+---------------------+---------------------------+-------------+------------+--------------+---------+-----------+------+--------------+------------+-----------------------------------------------------------------------------------------+--------------------+--------------+
; Compilation Hierarchy Node                ; Combinational ALUTs ; Dedicated Logic Registers ; Memory Bits ; UFM Blocks ; DSP Elements ; DSP 9x9 ; DSP 18x18 ; Pins ; Virtual Pins ; ADC blocks ; Full Hierarchy Name                                                                     ; Entity Name        ; Library Name ;
+-------------------------------------------+---------------------+---------------------------+-------------+------------+--------------+---------+-----------+------+--------------+------------+-----------------------------------------------------------------------------------------+--------------------+--------------+
; |Projeto1                                 ; 62 (3)              ; 40 (0)                    ; 64          ; 0          ; 0            ; 0       ; 0         ; 21   ; 0            ; 0          ; |Projeto1                                                                               ; Projeto1           ; work         ;
;    |Counter10s:inst|                      ; 4 (0)               ; 4 (0)                     ; 0           ; 0          ; 0            ; 0       ; 0         ; 0    ; 0            ; 0          ; |Projeto1|Counter10s:inst                                                               ; Counter10s         ; work         ;
;       |lpm_counter:LPM_COUNTER_component| ; 4 (0)               ; 4 (0)                     ; 0           ; 0          ; 0            ; 0       ; 0         ; 0    ; 0            ; 0          ; |Projeto1|Counter10s:inst|lpm_counter:LPM_COUNTER_component                             ; lpm_counter        ; work         ;
;          |cntr_07i:auto_generated|        ; 4 (4)               ; 4 (4)                     ; 0           ; 0          ; 0            ; 0       ; 0         ; 0    ; 0            ; 0          ; |Projeto1|Counter10s:inst|lpm_counter:LPM_COUNTER_component|cntr_07i:auto_generated     ; cntr_07i           ; work         ;
;    |FSM_LineFollower_2:inst12|            ; 30 (30)             ; 11 (11)                   ; 0           ; 0          ; 0            ; 0       ; 0         ; 0    ; 0            ; 0          ; |Projeto1|FSM_LineFollower_2:inst12                                                     ; FSM_LineFollower_2 ; work         ;
;    |ROM16:inst11|                         ; 0 (0)               ; 0 (0)                     ; 32          ; 0          ; 0            ; 0       ; 0         ; 0    ; 0            ; 0          ; |Projeto1|ROM16:inst11                                                                  ; ROM16              ; work         ;
;       |altsyncram:altsyncram_component|   ; 0 (0)               ; 0 (0)                     ; 32          ; 0          ; 0            ; 0       ; 0         ; 0    ; 0            ; 0          ; |Projeto1|ROM16:inst11|altsyncram:altsyncram_component                                  ; altsyncram         ; work         ;
;          |altsyncram_mkr3:auto_generated| ; 0 (0)               ; 0 (0)                     ; 32          ; 0          ; 0            ; 0       ; 0         ; 0    ; 0            ; 0          ; |Projeto1|ROM16:inst11|altsyncram:altsyncram_component|altsyncram_mkr3:auto_generated   ; altsyncram_mkr3    ; work         ;
;    |ROM16:inst1|                          ; 0 (0)               ; 0 (0)                     ; 32          ; 0          ; 0            ; 0       ; 0         ; 0    ; 0            ; 0          ; |Projeto1|ROM16:inst1                                                                   ; ROM16              ; work         ;
;       |altsyncram:altsyncram_component|   ; 0 (0)               ; 0 (0)                     ; 32          ; 0          ; 0            ; 0       ; 0         ; 0    ; 0            ; 0          ; |Projeto1|ROM16:inst1|altsyncram:altsyncram_component                                   ; altsyncram         ; work         ;
;          |altsyncram_mkr3:auto_generated| ; 0 (0)               ; 0 (0)                     ; 32          ; 0          ; 0            ; 0       ; 0         ; 0    ; 0            ; 0          ; |Projeto1|ROM16:inst1|altsyncram:altsyncram_component|altsyncram_mkr3:auto_generated    ; altsyncram_mkr3    ; work         ;
;    |counter25pins:inst3|                  ; 25 (0)              ; 25 (0)                    ; 0           ; 0          ; 0            ; 0       ; 0         ; 0    ; 0            ; 0          ; |Projeto1|counter25pins:inst3                                                           ; counter25pins      ; work         ;
;       |lpm_counter:LPM_COUNTER_component| ; 25 (0)              ; 25 (0)                    ; 0           ; 0          ; 0            ; 0       ; 0         ; 0    ; 0            ; 0          ; |Projeto1|counter25pins:inst3|lpm_counter:LPM_COUNTER_component                         ; lpm_counter        ; work         ;
;          |cntr_j5h:auto_generated|        ; 25 (25)             ; 25 (25)                   ; 0           ; 0          ; 0            ; 0       ; 0         ; 0    ; 0            ; 0          ; |Projeto1|counter25pins:inst3|lpm_counter:LPM_COUNTER_component|cntr_j5h:auto_generated ; cntr_j5h           ; work         ;
+-------------------------------------------+---------------------+---------------------------+-------------+------------+--------------+---------+-----------+------+--------------+------------+-----------------------------------------------------------------------------------------+--------------------+--------------+
Note: For table entries with two numbers listed, the numbers in parentheses indicate the number of resources of the given type used by the specific entity alone. The numbers listed outside of parentheses indicate the total resources of the given type used by the specific entity and all of its sub-entities in the hierarchy.


+-------------------------------------------------------------------------------------------------------------------------------------------------------------------------------------------+
; Analysis & Synthesis RAM Summary                                                                                                                                                          ;
+----------------------------------------------------------------------------------------+------+------+--------------+--------------+--------------+--------------+------+-----------------+
; Name                                                                                   ; Type ; Mode ; Port A Depth ; Port A Width ; Port B Depth ; Port B Width ; Size ; MIF             ;
+----------------------------------------------------------------------------------------+------+------+--------------+--------------+--------------+--------------+------+-----------------+
; ROM16:inst11|altsyncram:altsyncram_component|altsyncram_mkr3:auto_generated|ALTSYNCRAM ; AUTO ; ROM  ; 16           ; 8            ; --           ; --           ; 128  ; hex7decoder.mif ;
; ROM16:inst1|altsyncram:altsyncram_component|altsyncram_mkr3:auto_generated|ALTSYNCRAM  ; AUTO ; ROM  ; 16           ; 8            ; --           ; --           ; 128  ; hex7decoder.mif ;
+----------------------------------------------------------------------------------------+------+------+--------------+--------------+--------------+--------------+------+-----------------+


+--------------------------------------------------------------------------------------------------------------------+
; Analysis & Synthesis IP Cores Summary                                                                              ;
+--------+--------------+---------+--------------+--------------+--------------------------------+-------------------+
; Vendor ; IP Core Name ; Version ; Release Date ; License Type ; Entity Instance                ; IP Include File   ;
+--------+--------------+---------+--------------+--------------+--------------------------------+-------------------+
; Altera ; LPM_COUNTER  ; 18.1    ; N/A          ; N/A          ; |Projeto1|Counter10s:inst      ; Counter10s.vhd    ;
; Altera ; ROM: 1-PORT  ; 18.1    ; N/A          ; N/A          ; |Projeto1|ROM16:inst1          ; ROM16.vhd         ;
; Altera ; LPM_COUNTER  ; 18.1    ; N/A          ; N/A          ; |Projeto1|counter25pins:inst3  ; counter25pins.vhd ;
; Altera ; ROM: 1-PORT  ; 18.1    ; N/A          ; N/A          ; |Projeto1|ROM16:inst11         ; ROM16.vhd         ;
; Altera ; LPM_DIVIDE   ; 18.1    ; N/A          ; N/A          ; |Projeto1|Divide104bits:inst16 ; Divide104bits.v   ;
; Altera ; LPM_CONSTANT ; 18.1    ; N/A          ; N/A          ; |Projeto1|Const10:inst17       ; Const10.vhd       ;
+--------+--------------+---------+--------------+--------------+--------------------------------+-------------------+


Encoding Type:  One-Hot
+-------------------------------------------------------------------------------------------------------------------------------------------+
; State Machine - |Projeto1|FSM_LineFollower_2:inst12|fstate                                                                                ;
+------------------+-------------+------------------+-----------------+------------------+-----------------+------------------+-------------+
; Name             ; fstate.Lost ; fstate.SeekRight ; fstate.SeekLeft ; fstate.TurnRight ; fstate.TurnLeft ; fstate.FullSpeed ; fstate.Idle ;
+------------------+-------------+------------------+-----------------+------------------+-----------------+------------------+-------------+
; fstate.Idle      ; 0           ; 0                ; 0               ; 0                ; 0               ; 0                ; 0           ;
; fstate.FullSpeed ; 0           ; 0                ; 0               ; 0                ; 0               ; 1                ; 1           ;
; fstate.TurnLeft  ; 0           ; 0                ; 0               ; 0                ; 1               ; 0                ; 1           ;
; fstate.TurnRight ; 0           ; 0                ; 0               ; 1                ; 0               ; 0                ; 1           ;
; fstate.SeekLeft  ; 0           ; 0                ; 1               ; 0                ; 0               ; 0                ; 1           ;
; fstate.SeekRight ; 0           ; 1                ; 0               ; 0                ; 0               ; 0                ; 1           ;
; fstate.Lost      ; 1           ; 0                ; 0               ; 0                ; 0               ; 0                ; 1           ;
+------------------+-------------+------------------+-----------------+------------------+-----------------+------------------+-------------+


+------------------------------------------------------+
; General Register Statistics                          ;
+----------------------------------------------+-------+
; Statistic                                    ; Value ;
+----------------------------------------------+-------+
; Total registers                              ; 40    ;
; Number of registers using Synchronous Clear  ; 0     ;
; Number of registers using Synchronous Load   ; 4     ;
; Number of registers using Asynchronous Clear ; 0     ;
; Number of registers using Asynchronous Load  ; 0     ;
; Number of registers using Clock Enable       ; 4     ;
; Number of registers using Preset             ; 0     ;
+----------------------------------------------+-------+


+----------------------------------------------------------------------------------------------------+
; Source assignments for ROM16:inst11|altsyncram:altsyncram_component|altsyncram_mkr3:auto_generated ;
+---------------------------------+--------------------+------+--------------------------------------+
; Assignment                      ; Value              ; From ; To                                   ;
+---------------------------------+--------------------+------+--------------------------------------+
; OPTIMIZE_POWER_DURING_SYNTHESIS ; NORMAL_COMPILATION ; -    ; -                                    ;
+---------------------------------+--------------------+------+--------------------------------------+


+---------------------------------------------------------------------------------------------------+
; Source assignments for ROM16:inst1|altsyncram:altsyncram_component|altsyncram_mkr3:auto_generated ;
+---------------------------------+--------------------+------+-------------------------------------+
; Assignment                      ; Value              ; From ; To                                  ;
+---------------------------------+--------------------+------+-------------------------------------+
; OPTIMIZE_POWER_DURING_SYNTHESIS ; NORMAL_COMPILATION ; -    ; -                                   ;
+---------------------------------+--------------------+------+-------------------------------------+


+-------------------------------------------------------------------------------------------+
; Parameter Settings for User Entity Instance: ROM16:inst11|altsyncram:altsyncram_component ;
+------------------------------------+----------------------+-------------------------------+
; Parameter Name                     ; Value                ; Type                          ;
+------------------------------------+----------------------+-------------------------------+
; BYTE_SIZE_BLOCK                    ; 8                    ; Untyped                       ;
; AUTO_CARRY_CHAINS                  ; ON                   ; AUTO_CARRY                    ;
; IGNORE_CARRY_BUFFERS               ; OFF                  ; IGNORE_CARRY                  ;
; AUTO_CASCADE_CHAINS                ; ON                   ; AUTO_CASCADE                  ;
; IGNORE_CASCADE_BUFFERS             ; OFF                  ; IGNORE_CASCADE                ;
; WIDTH_BYTEENA                      ; 1                    ; Untyped                       ;
; OPERATION_MODE                     ; ROM                  ; Untyped                       ;
; WIDTH_A                            ; 8                    ; Signed Integer                ;
; WIDTHAD_A                          ; 4                    ; Signed Integer                ;
; NUMWORDS_A                         ; 16                   ; Signed Integer                ;
; OUTDATA_REG_A                      ; UNREGISTERED         ; Untyped                       ;
; ADDRESS_ACLR_A                     ; NONE                 ; Untyped                       ;
; OUTDATA_ACLR_A                     ; NONE                 ; Untyped                       ;
; WRCONTROL_ACLR_A                   ; NONE                 ; Untyped                       ;
; INDATA_ACLR_A                      ; NONE                 ; Untyped                       ;
; BYTEENA_ACLR_A                     ; NONE                 ; Untyped                       ;
; WIDTH_B                            ; 1                    ; Signed Integer                ;
; WIDTHAD_B                          ; 1                    ; Signed Integer                ;
; NUMWORDS_B                         ; 0                    ; Signed Integer                ;
; INDATA_REG_B                       ; CLOCK1               ; Untyped                       ;
; WRCONTROL_WRADDRESS_REG_B          ; CLOCK1               ; Untyped                       ;
; RDCONTROL_REG_B                    ; CLOCK1               ; Untyped                       ;
; ADDRESS_REG_B                      ; CLOCK1               ; Untyped                       ;
; OUTDATA_REG_B                      ; UNREGISTERED         ; Untyped                       ;
; BYTEENA_REG_B                      ; CLOCK1               ; Untyped                       ;
; INDATA_ACLR_B                      ; NONE                 ; Untyped                       ;
; WRCONTROL_ACLR_B                   ; NONE                 ; Untyped                       ;
; ADDRESS_ACLR_B                     ; NONE                 ; Untyped                       ;
; OUTDATA_ACLR_B                     ; NONE                 ; Untyped                       ;
; RDCONTROL_ACLR_B                   ; NONE                 ; Untyped                       ;
; BYTEENA_ACLR_B                     ; NONE                 ; Untyped                       ;
; WIDTH_BYTEENA_A                    ; 1                    ; Signed Integer                ;
; WIDTH_BYTEENA_B                    ; 1                    ; Signed Integer                ;
; RAM_BLOCK_TYPE                     ; AUTO                 ; Untyped                       ;
; BYTE_SIZE                          ; 8                    ; Signed Integer                ;
; READ_DURING_WRITE_MODE_MIXED_PORTS ; DONT_CARE            ; Untyped                       ;
; READ_DURING_WRITE_MODE_PORT_A      ; NEW_DATA_NO_NBE_READ ; Untyped                       ;
; READ_DURING_WRITE_MODE_PORT_B      ; NEW_DATA_NO_NBE_READ ; Untyped                       ;
; INIT_FILE                          ; hex7decoder.mif      ; Untyped                       ;
; INIT_FILE_LAYOUT                   ; PORT_A               ; Untyped                       ;
; MAXIMUM_DEPTH                      ; 0                    ; Signed Integer                ;
; CLOCK_ENABLE_INPUT_A               ; BYPASS               ; Untyped                       ;
; CLOCK_ENABLE_INPUT_B               ; NORMAL               ; Untyped                       ;
; CLOCK_ENABLE_OUTPUT_A              ; BYPASS               ; Untyped                       ;
; CLOCK_ENABLE_OUTPUT_B              ; NORMAL               ; Untyped                       ;
; CLOCK_ENABLE_CORE_A                ; USE_INPUT_CLKEN      ; Untyped                       ;
; CLOCK_ENABLE_CORE_B                ; USE_INPUT_CLKEN      ; Untyped                       ;
; ENABLE_ECC                         ; FALSE                ; Untyped                       ;
; ECC_PIPELINE_STAGE_ENABLED         ; FALSE                ; Untyped                       ;
; WIDTH_ECCSTATUS                    ; 3                    ; Signed Integer                ;
; DEVICE_FAMILY                      ; MAX 10               ; Untyped                       ;
; CBXI_PARAMETER                     ; altsyncram_mkr3      ; Untyped                       ;
+------------------------------------+----------------------+-------------------------------+
Note: In order to hide this table in the UI and the text report file, please set the "Show Parameter Settings in Synthesis Report" option in "Analysis and Synthesis Settings -> More Settings" to "Off".


+----------------------------------------------------------------------------------------------------+
; Parameter Settings for User Entity Instance: counter25pins:inst3|lpm_counter:LPM_COUNTER_component ;
+------------------------+-------------+-------------------------------------------------------------+
; Parameter Name         ; Value       ; Type                                                        ;
+------------------------+-------------+-------------------------------------------------------------+
; AUTO_CARRY_CHAINS      ; ON          ; AUTO_CARRY                                                  ;
; IGNORE_CARRY_BUFFERS   ; OFF         ; IGNORE_CARRY                                                ;
; AUTO_CASCADE_CHAINS    ; ON          ; AUTO_CASCADE                                                ;
; IGNORE_CASCADE_BUFFERS ; OFF         ; IGNORE_CASCADE                                              ;
; LPM_WIDTH              ; 25          ; Signed Integer                                              ;
; LPM_DIRECTION          ; UP          ; Untyped                                                     ;
; LPM_MODULUS            ; 0           ; Untyped                                                     ;
; LPM_AVALUE             ; UNUSED      ; Untyped                                                     ;
; LPM_SVALUE             ; UNUSED      ; Untyped                                                     ;
; LPM_PORT_UPDOWN        ; PORT_UNUSED ; Untyped                                                     ;
; DEVICE_FAMILY          ; MAX 10      ; Untyped                                                     ;
; CARRY_CHAIN            ; MANUAL      ; Untyped                                                     ;
; CARRY_CHAIN_LENGTH     ; 48          ; CARRY_CHAIN_LENGTH                                          ;
; NOT_GATE_PUSH_BACK     ; ON          ; NOT_GATE_PUSH_BACK                                          ;
; CARRY_CNT_EN           ; SMART       ; Untyped                                                     ;
; LABWIDE_SCLR           ; ON          ; Untyped                                                     ;
; USE_NEW_VERSION        ; TRUE        ; Untyped                                                     ;
; CBXI_PARAMETER         ; cntr_j5h    ; Untyped                                                     ;
+------------------------+-------------+-------------------------------------------------------------+
Note: In order to hide this table in the UI and the text report file, please set the "Show Parameter Settings in Synthesis Report" option in "Analysis and Synthesis Settings -> More Settings" to "Off".


+---------------------------------------------------------------------------------------------------+
; Parameter Settings for User Entity Instance: Divide104bits:inst16|lpm_divide:LPM_DIVIDE_component ;
+------------------------+----------------+---------------------------------------------------------+
; Parameter Name         ; Value          ; Type                                                    ;
+------------------------+----------------+---------------------------------------------------------+
; LPM_WIDTHN             ; 4              ; Signed Integer                                          ;
; LPM_WIDTHD             ; 4              ; Signed Integer                                          ;
; LPM_NREPRESENTATION    ; UNSIGNED       ; Untyped                                                 ;
; LPM_DREPRESENTATION    ; UNSIGNED       ; Untyped                                                 ;
; LPM_PIPELINE           ; 0              ; Untyped                                                 ;
; LPM_REMAINDERPOSITIVE  ; TRUE           ; Untyped                                                 ;
; MAXIMIZE_SPEED         ; 5              ; Untyped                                                 ;
; CBXI_PARAMETER         ; lpm_divide_g0s ; Untyped                                                 ;
; CARRY_CHAIN            ; MANUAL         ; Untyped                                                 ;
; OPTIMIZE_FOR_SPEED     ; 5              ; Untyped                                                 ;
; AUTO_CARRY_CHAINS      ; ON             ; AUTO_CARRY                                              ;
; IGNORE_CARRY_BUFFERS   ; OFF            ; IGNORE_CARRY                                            ;
; AUTO_CASCADE_CHAINS    ; ON             ; AUTO_CASCADE                                            ;
; IGNORE_CASCADE_BUFFERS ; OFF            ; IGNORE_CASCADE                                          ;
+------------------------+----------------+---------------------------------------------------------+
Note: In order to hide this table in the UI and the text report file, please set the "Show Parameter Settings in Synthesis Report" option in "Analysis and Synthesis Settings -> More Settings" to "Off".


+-------------------------------------------------------------------------------------------------+
; Parameter Settings for User Entity Instance: Const10:inst17|lpm_constant:LPM_CONSTANT_component ;
+--------------------+------------------+---------------------------------------------------------+
; Parameter Name     ; Value            ; Type                                                    ;
+--------------------+------------------+---------------------------------------------------------+
; LPM_WIDTH          ; 4                ; Signed Integer                                          ;
; LPM_CVALUE         ; 10               ; Signed Integer                                          ;
; ENABLE_RUNTIME_MOD ; NO               ; Untyped                                                 ;
; CBXI_PARAMETER     ; lpm_constant_nf6 ; Untyped                                                 ;
+--------------------+------------------+---------------------------------------------------------+
Note: In order to hide this table in the UI and the text report file, please set the "Show Parameter Settings in Synthesis Report" option in "Analysis and Synthesis Settings -> More Settings" to "Off".


+------------------------------------------------------------------------------------------------+
; Parameter Settings for User Entity Instance: Counter10s:inst|lpm_counter:LPM_COUNTER_component ;
+------------------------+-------------+---------------------------------------------------------+
; Parameter Name         ; Value       ; Type                                                    ;
+------------------------+-------------+---------------------------------------------------------+
; AUTO_CARRY_CHAINS      ; ON          ; AUTO_CARRY                                              ;
; IGNORE_CARRY_BUFFERS   ; OFF         ; IGNORE_CARRY                                            ;
; AUTO_CASCADE_CHAINS    ; ON          ; AUTO_CASCADE                                            ;
; IGNORE_CASCADE_BUFFERS ; OFF         ; IGNORE_CASCADE                                          ;
; LPM_WIDTH              ; 4           ; Signed Integer                                          ;
; LPM_DIRECTION          ; UP          ; Untyped                                                 ;
; LPM_MODULUS            ; 0           ; Untyped                                                 ;
; LPM_AVALUE             ; UNUSED      ; Untyped                                                 ;
; LPM_SVALUE             ; UNUSED      ; Untyped                                                 ;
; LPM_PORT_UPDOWN        ; PORT_UNUSED ; Untyped                                                 ;
; DEVICE_FAMILY          ; MAX 10      ; Untyped                                                 ;
; CARRY_CHAIN            ; MANUAL      ; Untyped                                                 ;
; CARRY_CHAIN_LENGTH     ; 48          ; CARRY_CHAIN_LENGTH                                      ;
; NOT_GATE_PUSH_BACK     ; ON          ; NOT_GATE_PUSH_BACK                                      ;
; CARRY_CNT_EN           ; SMART       ; Untyped                                                 ;
; LABWIDE_SCLR           ; ON          ; Untyped                                                 ;
; USE_NEW_VERSION        ; TRUE        ; Untyped                                                 ;
; CBXI_PARAMETER         ; cntr_07i    ; Untyped                                                 ;
+------------------------+-------------+---------------------------------------------------------+
Note: In order to hide this table in the UI and the text report file, please set the "Show Parameter Settings in Synthesis Report" option in "Analysis and Synthesis Settings -> More Settings" to "Off".


+------------------------------------------------------------------------------------------+
; Parameter Settings for User Entity Instance: ROM16:inst1|altsyncram:altsyncram_component ;
+------------------------------------+----------------------+------------------------------+
; Parameter Name                     ; Value                ; Type                         ;
+------------------------------------+----------------------+------------------------------+
; BYTE_SIZE_BLOCK                    ; 8                    ; Untyped                      ;
; AUTO_CARRY_CHAINS                  ; ON                   ; AUTO_CARRY                   ;
; IGNORE_CARRY_BUFFERS               ; OFF                  ; IGNORE_CARRY                 ;
; AUTO_CASCADE_CHAINS                ; ON                   ; AUTO_CASCADE                 ;
; IGNORE_CASCADE_BUFFERS             ; OFF                  ; IGNORE_CASCADE               ;
; WIDTH_BYTEENA                      ; 1                    ; Untyped                      ;
; OPERATION_MODE                     ; ROM                  ; Untyped                      ;
; WIDTH_A                            ; 8                    ; Signed Integer               ;
; WIDTHAD_A                          ; 4                    ; Signed Integer               ;
; NUMWORDS_A                         ; 16                   ; Signed Integer               ;
; OUTDATA_REG_A                      ; UNREGISTERED         ; Untyped                      ;
; ADDRESS_ACLR_A                     ; NONE                 ; Untyped                      ;
; OUTDATA_ACLR_A                     ; NONE                 ; Untyped                      ;
; WRCONTROL_ACLR_A                   ; NONE                 ; Untyped                      ;
; INDATA_ACLR_A                      ; NONE                 ; Untyped                      ;
; BYTEENA_ACLR_A                     ; NONE                 ; Untyped                      ;
; WIDTH_B                            ; 1                    ; Signed Integer               ;
; WIDTHAD_B                          ; 1                    ; Signed Integer               ;
; NUMWORDS_B                         ; 0                    ; Signed Integer               ;
; INDATA_REG_B                       ; CLOCK1               ; Untyped                      ;
; WRCONTROL_WRADDRESS_REG_B          ; CLOCK1               ; Untyped                      ;
; RDCONTROL_REG_B                    ; CLOCK1               ; Untyped                      ;
; ADDRESS_REG_B                      ; CLOCK1               ; Untyped                      ;
; OUTDATA_REG_B                      ; UNREGISTERED         ; Untyped                      ;
; BYTEENA_REG_B                      ; CLOCK1               ; Untyped                      ;
; INDATA_ACLR_B                      ; NONE                 ; Untyped                      ;
; WRCONTROL_ACLR_B                   ; NONE                 ; Untyped                      ;
; ADDRESS_ACLR_B                     ; NONE                 ; Untyped                      ;
; OUTDATA_ACLR_B                     ; NONE                 ; Untyped                      ;
; RDCONTROL_ACLR_B                   ; NONE                 ; Untyped                      ;
; BYTEENA_ACLR_B                     ; NONE                 ; Untyped                      ;
; WIDTH_BYTEENA_A                    ; 1                    ; Signed Integer               ;
; WIDTH_BYTEENA_B                    ; 1                    ; Signed Integer               ;
; RAM_BLOCK_TYPE                     ; AUTO                 ; Untyped                      ;
; BYTE_SIZE                          ; 8                    ; Signed Integer               ;
; READ_DURING_WRITE_MODE_MIXED_PORTS ; DONT_CARE            ; Untyped                      ;
; READ_DURING_WRITE_MODE_PORT_A      ; NEW_DATA_NO_NBE_READ ; Untyped                      ;
; READ_DURING_WRITE_MODE_PORT_B      ; NEW_DATA_NO_NBE_READ ; Untyped                      ;
; INIT_FILE                          ; hex7decoder.mif      ; Untyped                      ;
; INIT_FILE_LAYOUT                   ; PORT_A               ; Untyped                      ;
; MAXIMUM_DEPTH                      ; 0                    ; Signed Integer               ;
; CLOCK_ENABLE_INPUT_A               ; BYPASS               ; Untyped                      ;
; CLOCK_ENABLE_INPUT_B               ; NORMAL               ; Untyped                      ;
; CLOCK_ENABLE_OUTPUT_A              ; BYPASS               ; Untyped                      ;
; CLOCK_ENABLE_OUTPUT_B              ; NORMAL               ; Untyped                      ;
; CLOCK_ENABLE_CORE_A                ; USE_INPUT_CLKEN      ; Untyped                      ;
; CLOCK_ENABLE_CORE_B                ; USE_INPUT_CLKEN      ; Untyped                      ;
; ENABLE_ECC                         ; FALSE                ; Untyped                      ;
; ECC_PIPELINE_STAGE_ENABLED         ; FALSE                ; Untyped                      ;
; WIDTH_ECCSTATUS                    ; 3                    ; Signed Integer               ;
; DEVICE_FAMILY                      ; MAX 10               ; Untyped                      ;
; CBXI_PARAMETER                     ; altsyncram_mkr3      ; Untyped                      ;
+------------------------------------+----------------------+------------------------------+
Note: In order to hide this table in the UI and the text report file, please set the "Show Parameter Settings in Synthesis Report" option in "Analysis and Synthesis Settings -> More Settings" to "Off".


+------------------------------------------------------------------------------------------+
; altsyncram Parameter Settings by Entity Instance                                         ;
+-------------------------------------------+----------------------------------------------+
; Name                                      ; Value                                        ;
+-------------------------------------------+----------------------------------------------+
; Number of entity instances                ; 2                                            ;
; Entity Instance                           ; ROM16:inst11|altsyncram:altsyncram_component ;
;     -- OPERATION_MODE                     ; ROM                                          ;
;     -- WIDTH_A                            ; 8                                            ;
;     -- NUMWORDS_A                         ; 16                                           ;
;     -- OUTDATA_REG_A                      ; UNREGISTERED                                 ;
;     -- WIDTH_B                            ; 1                                            ;
;     -- NUMWORDS_B                         ; 0                                            ;
;     -- ADDRESS_REG_B                      ; CLOCK1                                       ;
;     -- OUTDATA_REG_B                      ; UNREGISTERED                                 ;
;     -- RAM_BLOCK_TYPE                     ; AUTO                                         ;
;     -- READ_DURING_WRITE_MODE_MIXED_PORTS ; DONT_CARE                                    ;
; Entity Instance                           ; ROM16:inst1|altsyncram:altsyncram_component  ;
;     -- OPERATION_MODE                     ; ROM                                          ;
;     -- WIDTH_A                            ; 8                                            ;
;     -- NUMWORDS_A                         ; 16                                           ;
;     -- OUTDATA_REG_A                      ; UNREGISTERED                                 ;
;     -- WIDTH_B                            ; 1                                            ;
;     -- NUMWORDS_B                         ; 0                                            ;
;     -- ADDRESS_REG_B                      ; CLOCK1                                       ;
;     -- OUTDATA_REG_B                      ; UNREGISTERED                                 ;
;     -- RAM_BLOCK_TYPE                     ; AUTO                                         ;
;     -- READ_DURING_WRITE_MODE_MIXED_PORTS ; DONT_CARE                                    ;
+-------------------------------------------+----------------------------------------------+


+-----------------------------------------------------+
; Post-Synthesis Netlist Statistics for Top Partition ;
+-----------------------+-----------------------------+
; Type                  ; Count                       ;
+-----------------------+-----------------------------+
; boundary_port         ; 21                          ;
; cycloneiii_ff         ; 40                          ;
;     ENA SLD           ; 4                           ;
;     plain             ; 36                          ;
; cycloneiii_lcell_comb ; 62                          ;
;     arith             ; 27                          ;
;         2 data inputs ; 27                          ;
;     normal            ; 35                          ;
;         0 data inputs ; 1                           ;
;         1 data inputs ; 2                           ;
;         2 data inputs ; 5                           ;
;         3 data inputs ; 9                           ;
;         4 data inputs ; 18                          ;
; cycloneiii_ram_block  ; 16                          ;
;                       ;                             ;
; Max LUT depth         ; 4.00                        ;
; Average LUT depth     ; 2.26                        ;
+-----------------------+-----------------------------+


+-------------------------------+
; Elapsed Time Per Partition    ;
+----------------+--------------+
; Partition Name ; Elapsed Time ;
+----------------+--------------+
; Top            ; 00:00:01     ;
+----------------+--------------+


+-------------------------------+
; Analysis & Synthesis Messages ;
+-------------------------------+
Info: *******************************************************************
Info: Running Quartus Prime Analysis & Synthesis
    Info: Version 18.1.0 Build 625 09/12/2018 SJ Lite Edition
    Info: Processing started: Tue Sep 16 19:08:55 2025
Info: Command: quartus_map --read_settings_files=on --write_settings_files=off Projeto1 -c Projeto1
Warning (18236): Number of processors has not been specified which may cause overloading on shared machines.  Set the global assignment NUM_PARALLEL_PROCESSORS in your QSF to an appropriate value for best performance.
Info (20030): Parallel compilation is enabled and will use 2 of the 2 processors detected
Info (12021): Found 2 design units, including 1 entities, in source file lpm_counter_ex.vhd
    Info (12022): Found design unit 1: lpm_counter_ex-SYN File: C:/Users/Robson Junior/Documents/LogicaReconfiguravel/lpm_counter_ex.vhd Line: 52
    Info (12023): Found entity 1: lpm_counter_ex File: C:/Users/Robson Junior/Documents/LogicaReconfiguravel/lpm_counter_ex.vhd Line: 42
Info (12021): Found 1 design units, including 1 entities, in source file projeto1.bdf
    Info (12023): Found entity 1: Projeto1
Info (12021): Found 2 design units, including 1 entities, in source file counter25pins.vhd
    Info (12022): Found design unit 1: counter25pins-SYN File: C:/Users/Robson Junior/Documents/LogicaReconfiguravel/counter25pins.vhd Line: 51
    Info (12023): Found entity 1: counter25pins File: C:/Users/Robson Junior/Documents/LogicaReconfiguravel/counter25pins.vhd Line: 42
Info (12021): Found 2 design units, including 1 entities, in source file rom16.vhd
    Info (12022): Found design unit 1: rom16-SYN File: C:/Users/Robson Junior/Documents/LogicaReconfiguravel/ROM16.vhd Line: 52
    Info (12023): Found entity 1: ROM16 File: C:/Users/Robson Junior/Documents/LogicaReconfiguravel/ROM16.vhd Line: 42
Info (12021): Found 2 design units, including 1 entities, in source file divide10.vhd
    Info (12022): Found design unit 1: divide10-SYN File: C:/Users/Robson Junior/Documents/LogicaReconfiguravel/Divide10.vhd Line: 53
    Info (12023): Found entity 1: Divide10 File: C:/Users/Robson Junior/Documents/LogicaReconfiguravel/Divide10.vhd Line: 42
Info (12021): Found 1 design units, including 1 entities, in source file constante10.v
    Info (12023): Found entity 1: Constante10 File: C:/Users/Robson Junior/Documents/LogicaReconfiguravel/Constante10.v Line: 39
Info (12021): Found 1 design units, including 1 entities, in source file test1.v
    Info (12023): Found entity 1: test1 File: C:/Users/Robson Junior/Documents/LogicaReconfiguravel/test1.v Line: 39
Info (12021): Found 2 design units, including 1 entities, in source file fsm_linefollowercopy.vhd
    Info (12022): Found design unit 1: FSM_LineFollower_2-BEHAVIOR File: C:/Users/Robson Junior/Documents/LogicaReconfiguravel/FSM_LineFollowerCopy.vhd Line: 37
    Info (12023): Found entity 1: FSM_LineFollower_2 File: C:/Users/Robson Junior/Documents/LogicaReconfiguravel/FSM_LineFollowerCopy.vhd Line: 21
Info (12021): Found 2 design units, including 1 entities, in source file counter10s.vhd
    Info (12022): Found design unit 1: counter10s-SYN File: C:/Users/Robson Junior/Documents/LogicaReconfiguravel/Counter10s.vhd Line: 53
    Info (12023): Found entity 1: Counter10s File: C:/Users/Robson Junior/Documents/LogicaReconfiguravel/Counter10s.vhd Line: 42
Info (12021): Found 1 design units, including 1 entities, in source file divide104bits.v
    Info (12023): Found entity 1: Divide104bits File: C:/Users/Robson Junior/Documents/LogicaReconfiguravel/Divide104bits.v Line: 39
Info (12021): Found 2 design units, including 1 entities, in source file const10.vhd
    Info (12022): Found design unit 1: const10-SYN File: C:/Users/Robson Junior/Documents/LogicaReconfiguravel/Const10.vhd Line: 50
    Info (12023): Found entity 1: Const10 File: C:/Users/Robson Junior/Documents/LogicaReconfiguravel/Const10.vhd Line: 42
Info (12127): Elaborating entity "Projeto1" for the top level hierarchy
Info (12128): Elaborating entity "ROM16" for hierarchy "ROM16:inst11"
Info (12128): Elaborating entity "altsyncram" for hierarchy "ROM16:inst11|altsyncram:altsyncram_component" File: C:/Users/Robson Junior/Documents/LogicaReconfiguravel/ROM16.vhd Line: 59
Info (12130): Elaborated megafunction instantiation "ROM16:inst11|altsyncram:altsyncram_component" File: C:/Users/Robson Junior/Documents/LogicaReconfiguravel/ROM16.vhd Line: 59
Info (12133): Instantiated megafunction "ROM16:inst11|altsyncram:altsyncram_component" with the following parameter: File: C:/Users/Robson Junior/Documents/LogicaReconfiguravel/ROM16.vhd Line: 59
    Info (12134): Parameter "address_aclr_a" = "NONE"
    Info (12134): Parameter "address_aclr_b" = "NONE"
    Info (12134): Parameter "address_reg_b" = "CLOCK1"
    Info (12134): Parameter "byte_size" = "8"
    Info (12134): Parameter "byteena_aclr_a" = "UNUSED"
    Info (12134): Parameter "byteena_aclr_b" = "NONE"
    Info (12134): Parameter "byteena_reg_b" = "CLOCK1"
    Info (12134): Parameter "clock_enable_core_a" = "USE_INPUT_CLKEN"
    Info (12134): Parameter "clock_enable_core_b" = "USE_INPUT_CLKEN"
    Info (12134): Parameter "clock_enable_input_a" = "BYPASS"
    Info (12134): Parameter "clock_enable_input_b" = "NORMAL"
    Info (12134): Parameter "clock_enable_output_a" = "BYPASS"
    Info (12134): Parameter "clock_enable_output_b" = "NORMAL"
    Info (12134): Parameter "intended_device_family" = "MAX 10"
    Info (12134): Parameter "ecc_pipeline_stage_enabled" = "FALSE"
    Info (12134): Parameter "enable_ecc" = "FALSE"
    Info (12134): Parameter "implement_in_les" = "OFF"
    Info (12134): Parameter "indata_aclr_a" = "UNUSED"
    Info (12134): Parameter "indata_aclr_b" = "NONE"
    Info (12134): Parameter "indata_reg_b" = "CLOCK1"
    Info (12134): Parameter "init_file" = "hex7decoder.mif"
    Info (12134): Parameter "init_file_layout" = "PORT_A"
    Info (12134): Parameter "maximum_depth" = "0"
    Info (12134): Parameter "numwords_a" = "16"
    Info (12134): Parameter "numwords_b" = "0"
    Info (12134): Parameter "operation_mode" = "ROM"
    Info (12134): Parameter "outdata_aclr_a" = "NONE"
    Info (12134): Parameter "outdata_aclr_b" = "NONE"
    Info (12134): Parameter "outdata_reg_a" = "UNREGISTERED"
    Info (12134): Parameter "outdata_reg_b" = "UNREGISTERED"
    Info (12134): Parameter "power_up_uninitialized" = "FALSE"
    Info (12134): Parameter "ram_block_type" = "AUTO"
    Info (12134): Parameter "rdcontrol_aclr_b" = "NONE"
    Info (12134): Parameter "rdcontrol_reg_b" = "CLOCK1"
    Info (12134): Parameter "read_during_write_mode_mixed_ports" = "DONT_CARE"
    Info (12134): Parameter "read_during_write_mode_port_a" = "NEW_DATA_NO_NBE_READ"
    Info (12134): Parameter "read_during_write_mode_port_b" = "NEW_DATA_NO_NBE_READ"
    Info (12134): Parameter "stratixiv_m144k_allow_dual_clocks" = "ON"
    Info (12134): Parameter "width_a" = "8"
    Info (12134): Parameter "width_b" = "1"
    Info (12134): Parameter "width_byteena_a" = "1"
    Info (12134): Parameter "width_byteena_b" = "1"
    Info (12134): Parameter "width_eccstatus" = "3"
    Info (12134): Parameter "widthad_a" = "4"
    Info (12134): Parameter "widthad_b" = "1"
    Info (12134): Parameter "wrcontrol_aclr_a" = "UNUSED"
    Info (12134): Parameter "wrcontrol_aclr_b" = "NONE"
    Info (12134): Parameter "wrcontrol_wraddress_reg_b" = "CLOCK1"
    Info (12134): Parameter "lpm_hint" = "ENABLE_RUNTIME_MOD=NO"
    Info (12134): Parameter "lpm_type" = "altsyncram"
Info (12021): Found 1 design units, including 1 entities, in source file db/altsyncram_mkr3.tdf
    Info (12023): Found entity 1: altsyncram_mkr3 File: C:/Users/Robson Junior/Documents/LogicaReconfiguravel/db/altsyncram_mkr3.tdf Line: 27
Info (12128): Elaborating entity "altsyncram_mkr3" for hierarchy "ROM16:inst11|altsyncram:altsyncram_component|altsyncram_mkr3:auto_generated" File: c:/intelfpga_lite/18.1/quartus/libraries/megafunctions/altsyncram.tdf Line: 791
Info (12128): Elaborating entity "counter25pins" for hierarchy "counter25pins:inst3"
Info (12128): Elaborating entity "lpm_counter" for hierarchy "counter25pins:inst3|lpm_counter:LPM_COUNTER_component" File: C:/Users/Robson Junior/Documents/LogicaReconfiguravel/counter25pins.vhd Line: 73
Info (12130): Elaborated megafunction instantiation "counter25pins:inst3|lpm_counter:LPM_COUNTER_component" File: C:/Users/Robson Junior/Documents/LogicaReconfiguravel/counter25pins.vhd Line: 73
Info (12133): Instantiated megafunction "counter25pins:inst3|lpm_counter:LPM_COUNTER_component" with the following parameter: File: C:/Users/Robson Junior/Documents/LogicaReconfiguravel/counter25pins.vhd Line: 73
    Info (12134): Parameter "lpm_direction" = "UP"
    Info (12134): Parameter "lpm_port_updown" = "PORT_UNUSED"
    Info (12134): Parameter "lpm_type" = "LPM_COUNTER"
    Info (12134): Parameter "lpm_width" = "25"
Info (12021): Found 1 design units, including 1 entities, in source file db/cntr_j5h.tdf
    Info (12023): Found entity 1: cntr_j5h File: C:/Users/Robson Junior/Documents/LogicaReconfiguravel/db/cntr_j5h.tdf Line: 25
Info (12128): Elaborating entity "cntr_j5h" for hierarchy "counter25pins:inst3|lpm_counter:LPM_COUNTER_component|cntr_j5h:auto_generated" File: c:/intelfpga_lite/18.1/quartus/libraries/megafunctions/lpm_counter.tdf Line: 258
Info (12128): Elaborating entity "FSM_LineFollower_2" for hierarchy "FSM_LineFollower_2:inst12"
Info (12128): Elaborating entity "Divide104bits" for hierarchy "Divide104bits:inst16"
Info (12128): Elaborating entity "lpm_divide" for hierarchy "Divide104bits:inst16|lpm_divide:LPM_DIVIDE_component" File: C:/Users/Robson Junior/Documents/LogicaReconfiguravel/Divide104bits.v Line: 62
Info (12130): Elaborated megafunction instantiation "Divide104bits:inst16|lpm_divide:LPM_DIVIDE_component" File: C:/Users/Robson Junior/Documents/LogicaReconfiguravel/Divide104bits.v Line: 62
Info (12133): Instantiated megafunction "Divide104bits:inst16|lpm_divide:LPM_DIVIDE_component" with the following parameter: File: C:/Users/Robson Junior/Documents/LogicaReconfiguravel/Divide104bits.v Line: 62
    Info (12134): Parameter "lpm_drepresentation" = "UNSIGNED"
    Info (12134): Parameter "lpm_hint" = "LPM_REMAINDERPOSITIVE=TRUE"
    Info (12134): Parameter "lpm_nrepresentation" = "UNSIGNED"
    Info (12134): Parameter "lpm_type" = "LPM_DIVIDE"
    Info (12134): Parameter "lpm_widthd" = "4"
    Info (12134): Parameter "lpm_widthn" = "4"
Info (12021): Found 1 design units, including 1 entities, in source file db/lpm_divide_g0s.tdf
    Info (12023): Found entity 1: lpm_divide_g0s File: C:/Users/Robson Junior/Documents/LogicaReconfiguravel/db/lpm_divide_g0s.tdf Line: 24
Info (12128): Elaborating entity "lpm_divide_g0s" for hierarchy "Divide104bits:inst16|lpm_divide:LPM_DIVIDE_component|lpm_divide_g0s:auto_generated" File: c:/intelfpga_lite/18.1/quartus/libraries/megafunctions/lpm_divide.tdf Line: 147
Info (12021): Found 1 design units, including 1 entities, in source file db/sign_div_unsign_7kh.tdf
    Info (12023): Found entity 1: sign_div_unsign_7kh File: C:/Users/Robson Junior/Documents/LogicaReconfiguravel/db/sign_div_unsign_7kh.tdf Line: 24
Info (12128): Elaborating entity "sign_div_unsign_7kh" for hierarchy "Divide104bits:inst16|lpm_divide:LPM_DIVIDE_component|lpm_divide_g0s:auto_generated|sign_div_unsign_7kh:divider" File: C:/Users/Robson Junior/Documents/LogicaReconfiguravel/db/lpm_divide_g0s.tdf Line: 35
Info (12021): Found 1 design units, including 1 entities, in source file db/alt_u_div_oee.tdf
    Info (12023): Found entity 1: alt_u_div_oee File: C:/Users/Robson Junior/Documents/LogicaReconfiguravel/db/alt_u_div_oee.tdf Line: 26
Info (12128): Elaborating entity "alt_u_div_oee" for hierarchy "Divide104bits:inst16|lpm_divide:LPM_DIVIDE_component|lpm_divide_g0s:auto_generated|sign_div_unsign_7kh:divider|alt_u_div_oee:divider" File: C:/Users/Robson Junior/Documents/LogicaReconfiguravel/db/sign_div_unsign_7kh.tdf Line: 32
Info (12021): Found 1 design units, including 1 entities, in source file db/add_sub_t3c.tdf
    Info (12023): Found entity 1: add_sub_t3c File: C:/Users/Robson Junior/Documents/LogicaReconfiguravel/db/add_sub_t3c.tdf Line: 22
Info (12128): Elaborating entity "add_sub_t3c" for hierarchy "Divide104bits:inst16|lpm_divide:LPM_DIVIDE_component|lpm_divide_g0s:auto_generated|sign_div_unsign_7kh:divider|alt_u_div_oee:divider|add_sub_t3c:add_sub_0" File: C:/Users/Robson Junior/Documents/LogicaReconfiguravel/db/alt_u_div_oee.tdf Line: 34
Info (12021): Found 1 design units, including 1 entities, in source file db/add_sub_u3c.tdf
    Info (12023): Found entity 1: add_sub_u3c File: C:/Users/Robson Junior/Documents/LogicaReconfiguravel/db/add_sub_u3c.tdf Line: 22
Info (12128): Elaborating entity "add_sub_u3c" for hierarchy "Divide104bits:inst16|lpm_divide:LPM_DIVIDE_component|lpm_divide_g0s:auto_generated|sign_div_unsign_7kh:divider|alt_u_div_oee:divider|add_sub_u3c:add_sub_1" File: C:/Users/Robson Junior/Documents/LogicaReconfiguravel/db/alt_u_div_oee.tdf Line: 35
Info (12128): Elaborating entity "Const10" for hierarchy "Const10:inst17"
Info (12128): Elaborating entity "lpm_constant" for hierarchy "Const10:inst17|lpm_constant:LPM_CONSTANT_component" File: C:/Users/Robson Junior/Documents/LogicaReconfiguravel/Const10.vhd Line: 71
Info (12130): Elaborated megafunction instantiation "Const10:inst17|lpm_constant:LPM_CONSTANT_component" File: C:/Users/Robson Junior/Documents/LogicaReconfiguravel/Const10.vhd Line: 71
Info (12133): Instantiated megafunction "Const10:inst17|lpm_constant:LPM_CONSTANT_component" with the following parameter: File: C:/Users/Robson Junior/Documents/LogicaReconfiguravel/Const10.vhd Line: 71
    Info (12134): Parameter "lpm_cvalue" = "10"
    Info (12134): Parameter "lpm_hint" = "ENABLE_RUNTIME_MOD=NO"
    Info (12134): Parameter "lpm_type" = "LPM_CONSTANT"
    Info (12134): Parameter "lpm_width" = "4"
Info (12128): Elaborating entity "Counter10s" for hierarchy "Counter10s:inst"
Info (12128): Elaborating entity "lpm_counter" for hierarchy "Counter10s:inst|lpm_counter:LPM_COUNTER_component" File: C:/Users/Robson Junior/Documents/LogicaReconfiguravel/Counter10s.vhd Line: 77
Info (12130): Elaborated megafunction instantiation "Counter10s:inst|lpm_counter:LPM_COUNTER_component" File: C:/Users/Robson Junior/Documents/LogicaReconfiguravel/Counter10s.vhd Line: 77
Info (12133): Instantiated megafunction "Counter10s:inst|lpm_counter:LPM_COUNTER_component" with the following parameter: File: C:/Users/Robson Junior/Documents/LogicaReconfiguravel/Counter10s.vhd Line: 77
    Info (12134): Parameter "lpm_direction" = "UP"
    Info (12134): Parameter "lpm_port_updown" = "PORT_UNUSED"
    Info (12134): Parameter "lpm_type" = "LPM_COUNTER"
    Info (12134): Parameter "lpm_width" = "4"
Info (12021): Found 1 design units, including 1 entities, in source file db/cntr_07i.tdf
    Info (12023): Found entity 1: cntr_07i File: C:/Users/Robson Junior/Documents/LogicaReconfiguravel/db/cntr_07i.tdf Line: 25
Info (12128): Elaborating entity "cntr_07i" for hierarchy "Counter10s:inst|lpm_counter:LPM_COUNTER_component|cntr_07i:auto_generated" File: c:/intelfpga_lite/18.1/quartus/libraries/megafunctions/lpm_counter.tdf Line: 258
Info (286030): Timing-Driven Synthesis is running
Info (17036): Removed 2 MSB VCC or GND address nodes from RAM block "ROM16:inst11|altsyncram:altsyncram_component|altsyncram_mkr3:auto_generated|ALTSYNCRAM" File: C:/Users/Robson Junior/Documents/LogicaReconfiguravel/db/altsyncram_mkr3.tdf Line: 31
Info (17036): Removed 2 MSB VCC or GND address nodes from RAM block "ROM16:inst1|altsyncram:altsyncram_component|altsyncram_mkr3:auto_generated|ALTSYNCRAM" File: C:/Users/Robson Junior/Documents/LogicaReconfiguravel/db/altsyncram_mkr3.tdf Line: 31
Warning (20013): Ignored 24 assignments for entity "DE10_LITE_Default" -- entity does not exist in design
    Warning (20014): Assignment for entity set_instance_assignment -name PARTITION_HIERARCHY root_partition -to | -entity DE10_LITE_Default -section_id Top was ignored
    Warning (20014): Assignment for entity set_global_assignment -name PARTITION_NETLIST_TYPE SOURCE -entity DE10_LITE_Default -section_id Top was ignored
    Warning (20014): Assignment for entity set_global_assignment -name PARTITION_FITTER_PRESERVATION_LEVEL PLACEMENT_AND_ROUTING -entity DE10_LITE_Default -section_id Top was ignored
    Warning (20014): Assignment for entity set_global_assignment -name PARTITION_PRESERVE_HIGH_SPEED_TILES ON -entity DE10_LITE_Default -section_id Top was ignored
    Warning (20014): Assignment for entity set_global_assignment -name PARTITION_IGNORE_SOURCE_FILE_CHANGES OFF -entity DE10_LITE_Default -section_id Top was ignored
    Warning (20014): Assignment for entity set_global_assignment -name PARTITION_ALWAYS_USE_QXP_NETLIST OFF -entity DE10_LITE_Default -section_id Top was ignored
    Warning (20014): Assignment for entity set_global_assignment -name PARTITION_COLOR 16764057 -entity DE10_LITE_Default -section_id Top was ignored
    Warning (20014): Assignment for entity set_global_assignment -name PARTITION_IMPORT_ASSIGNMENTS ON -entity DE10_LITE_Default -section_id Top was ignored
    Warning (20014): Assignment for entity set_global_assignment -name PARTITION_IMPORT_EXISTING_ASSIGNMENTS REPLACE_CONFLICTING -entity DE10_LITE_Default -section_id Top was ignored
    Warning (20014): Assignment for entity set_global_assignment -name PARTITION_IMPORT_EXISTING_LOGICLOCK_REGIONS UPDATE_CONFLICTING -entity DE10_LITE_Default -section_id Top was ignored
    Warning (20014): Assignment for entity set_global_assignment -name PARTITION_IMPORT_PIN_ASSIGNMENTS ON -entity DE10_LITE_Default -section_id Top was ignored
    Warning (20014): Assignment for entity set_global_assignment -name PARTITION_IMPORT_PROMOTE_ASSIGNMENTS ON -entity DE10_LITE_Default -section_id Top was ignored
    Warning (20014): Assignment for entity set_global_assignment -name PARTITION_TYPE STANDARD_PARTITION -entity DE10_LITE_Default -section_id Top was ignored
    Warning (20014): Assignment for entity set_global_assignment -name ALLOW_MULTIPLE_PERSONAS OFF -entity DE10_LITE_Default -section_id Top was ignored
    Warning (20014): Assignment for entity set_global_assignment -name PARTITION_ASD_REGION_ID 1 -entity DE10_LITE_Default -section_id Top was ignored
    Warning (20014): Assignment for entity set_global_assignment -name CROSS_BOUNDARY_OPTIMIZATIONS OFF -entity DE10_LITE_Default -section_id Top was ignored
    Warning (20014): Assignment for entity set_global_assignment -name PROPAGATE_CONSTANTS_ON_INPUTS ON -entity DE10_LITE_Default -section_id Top was ignored
    Warning (20014): Assignment for entity set_global_assignment -name PROPAGATE_INVERSIONS_ON_INPUTS ON -entity DE10_LITE_Default -section_id Top was ignored
    Warning (20014): Assignment for entity set_global_assignment -name REMOVE_LOGIC_ON_UNCONNECTED_OUTPUTS ON -entity DE10_LITE_Default -section_id Top was ignored
    Warning (20014): Assignment for entity set_global_assignment -name MERGE_EQUIVALENT_INPUTS ON -entity DE10_LITE_Default -section_id Top was ignored
    Warning (20014): Assignment for entity set_global_assignment -name MERGE_EQUIVALENT_BIDIRS ON -entity DE10_LITE_Default -section_id Top was ignored
    Warning (20014): Assignment for entity set_global_assignment -name ABSORB_PATHS_FROM_OUTPUTS_TO_INPUTS ON -entity DE10_LITE_Default -section_id Top was ignored
    Warning (20014): Assignment for entity set_global_assignment -name PARTITION_EXTRACT_HARD_BLOCK_NODES ON -entity DE10_LITE_Default -section_id Top was ignored
    Warning (20014): Assignment for entity set_global_assignment -name PARTITION_ENABLE_STRICT_PRESERVATION OFF -entity DE10_LITE_Default -section_id Top was ignored
Info (16010): Generating hard_block partition "hard_block:auto_generated_inst"
    Info (16011): Adding 0 node(s), including 0 DDIO, 0 PLL, 0 transceiver and 0 LCELL
Info (21057): Implemented 100 device resources after synthesis - the final resource count might be different
    Info (21058): Implemented 5 input pins
    Info (21059): Implemented 16 output pins
    Info (21061): Implemented 63 logic cells
    Info (21064): Implemented 16 RAM segments
Info: Quartus Prime Analysis & Synthesis was successful. 0 errors, 26 warnings
    Info: Peak virtual memory: 4810 megabytes
    Info: Processing ended: Tue Sep 16 19:09:15 2025
    Info: Elapsed time: 00:00:20
    Info: Total CPU time (on all processors): 00:00:33


